app/build/outputs/mapping/release/seeds.txt
com.smartcleaner.pro.data.worker.MemoryBoostWorker
com.smartcleaner.pro.presentation.ui.appmanager.AppListFragment_GeneratedInjector
com.smartcleaner.pro.presentation.ui.onboarding.DemoFragment
com.smartcleaner.pro.presentation.ui.tools.ToolsFragment_GeneratedInjector
com.smartcleaner.pro.presentation.common.BaseFragment
com.smartcleaner.pro.presentation.ui.onboarding.OnboardingActivity_GeneratedInjector
com.smartcleaner.pro.presentation.ui.tools.LargeFilesFragment
com.smartcleaner.pro.presentation.ui.appmanager.AppListFragment
com.smartcleaner.pro.presentation.ui.tools.Hilt_DuplicateFinderFragment
com.smartcleaner.pro.presentation.ui.tools.ToolsFragment
com.smartcleaner.pro.data.local.PhoneCleanerDatabase
com.smartcleaner.pro.presentation.ui.cleaner.ResultsFragment_GeneratedInjector
com.smartcleaner.pro.MainActivity
com.smartcleaner.pro.presentation.ui.appmanager.Hilt_AppDetailFragment
com.smartcleaner.pro.presentation.ui.dashboard.DashboardFragment_GeneratedInjector
com.smartcleaner.pro.presentation.ui.cleaner.ScanFragment
com.smartcleaner.pro.SmartCleanerApp
com.smartcleaner.pro.presentation.ui.appmanager.AppDetailFragment_GeneratedInjector
com.smartcleaner.pro.presentation.ui.dashboard.DashboardFragment
com.smartcleaner.pro.presentation.ui.tools.Hilt_LargeFilesFragment
com.smartcleaner.pro.presentation.ui.onboarding.WelcomeFragment
com.smartcleaner.pro.presentation.ui.boost.MemoryBoosterFragment
com.smartcleaner.pro.presentation.ui.tools.Hilt_ToolsFragment
com.smartcleaner.pro.presentation.widget.CleanerWidgetProvider
com.smartcleaner.pro.presentation.ui.battery.BatteryFragment_GeneratedInjector
com.smartcleaner.pro.data.local.PhoneCleanerDatabase_Impl
com.smartcleaner.pro.presentation.ui.onboarding.PermissionsFragment
com.smartcleaner.pro.presentation.ui.battery.BatteryFragment
com.smartcleaner.pro.presentation.ui.appmanager.Hilt_AppListFragment
com.smartcleaner.pro.presentation.ui.cleaner.SummaryFragment
com.smartcleaner.pro.presentation.ui.tools.DuplicateFinderFragment_GeneratedInjector
com.smartcleaner.pro.SmartCleanerApp_GeneratedInjector
com.smartcleaner.pro.data.worker.ScheduledCleaningWorker
com.smartcleaner.pro.presentation.ui.tools.LargeFilesFragment_GeneratedInjector
com.smartcleaner.pro.presentation.ui.onboarding.OnboardingActivity
com.smartcleaner.pro.presentation.ui.cleaner.ResultsFragment
com.smartcleaner.pro.presentation.ui.onboarding.TourFragment
com.smartcleaner.pro.presentation.ui.settings.SettingsFragment_GeneratedInjector
com.smartcleaner.pro.MainActivity_GeneratedInjector
com.smartcleaner.pro.presentation.ui.settings.SettingsFragment
com.smartcleaner.pro.presentation.ui.cleaner.ScanFragment_GeneratedInjector
com.smartcleaner.pro.presentation.ui.cleaner.CleanFragment_GeneratedInjector
com.smartcleaner.pro.presentation.ui.appmanager.AppDetailFragment
com.smartcleaner.pro.presentation.ui.onboarding.PermissionsFragment_GeneratedInjector
com.smartcleaner.pro.presentation.ui.cleaner.SummaryFragment_GeneratedInjector
com.smartcleaner.pro.presentation.ui.cleaner.CleanFragment
com.smartcleaner.pro.presentation.ui.boost.MemoryBoosterFragment_GeneratedInjector
com.smartcleaner.pro.presentation.ui.tools.DuplicateFinderFragment
com.smartcleaner.pro.presentation.ui.onboarding.DemoFragment: DemoFragment()
com.smartcleaner.pro.presentation.viewmodel.AppManagerViewModel$FilterBy: com.smartcleaner.pro.presentation.viewmodel.AppManagerViewModel$FilterBy valueOf(java.lang.String)
com.smartcleaner.pro.data.local.PhoneCleanerDatabase: PhoneCleanerDatabase()
com.smartcleaner.pro.presentation.ui.tools.Hilt_DuplicateFinderFragment: Hilt_DuplicateFinderFragment()
com.smartcleaner.pro.presentation.ui.cleaner.ScanFragment: ScanFragment()
com.smartcleaner.pro.presentation.viewmodel.BaseViewModel: BaseViewModel()
com.smartcleaner.pro.presentation.ui.onboarding.TourFragment: TourFragment()
com.smartcleaner.pro.presentation.ui.tools.Hilt_ToolsFragment: Hilt_ToolsFragment()
...
com.google.android.gms.common.api.internal.BasePendingResult
com.google.android.gms.ads.nativead.NativeAd$UnconfirmedClickListener
com.google.android.gms.ads.internal.client.zzbn
com.google.android.gms.ads.AdSize
com.google.android.gms.ads.nonagon.signalgeneration.zzn
com.google.android.gms.ads.query.zzb
com.google.android.gms.ads.nonagon.signalgeneration.zzak
com.google.android.gms.ads.ResponseInfo
com.google.android.gms.dynamite.DynamiteModule$DynamiteLoaderClassLoader
com.google.android.gms.ads.mediation.MediationBannerAd
com.google.android.gms.ads.interstitial.InterstitialAd
com.google.android.material.textfield.TextInputLayout
com.google.android.gms.ads.internal.client.zzdn
com.google.android.gms.ads.internal.client.zzcw
androidx.recyclerview.widget.LinearLayoutManager
com.google.android.gms.ads.zzh
com.google.android.gms.ads.formats.zzf
com.google.android.gms.ads.internal.client.zzbx
dagger.hilt.android.internal.lifecycle.HiltViewModelFactory$ViewModelFactoriesEntryPoint
com.google.android.gms.ads.internal.overlay.zzi
com.google.android.gms.ads.OnAdInspectorClosedListener
com.google.android.gms.ads.nativead.zzc
com.google.android.gms.ads.mediation.customevent.CustomEventNativeListener
com.google.android.gms.ads.internal.util.zzm
com.google.android.gms.ads.internal.overlay.zzx
com.google.android.gms.ads.internal.client.zzcr
com.google.android.gms.ads.internal.client.zzaz
com.google.android.material.search.SearchBar$ScrollingViewBehavior
com.google.android.gms.ads.internal.overlay.AdOverlayInfoParcel
com.google.android.gms.ads.initialization.AdapterStatus$State
com.google.android.material.appbar.AppBarLayout$ScrollingViewBehavior
com.google.android.gms.ads.R$layout
com.google.android.material.sidesheet.SideSheetBehavior
com.google.android.gms.ads.formats.zza
com.google.android.gms.ads.zze
com.google.android.gms.ads.internal.util.zzao
com.google.android.gms.ads.internal.client.zzbc
com.google.android.gms.ads.internal.client.zzh
com.google.android.gms.ads.search.zzb
com.google.android.gms.ads.internal.util.zzaa
com.google.android.gms.ads.internal.client.zzdy
com.google.android.gms.ads.nativead.MediaView
com.google.android.gms.ads.mediation.MediationAppOpenAd
com.google.android.gms.ads.MobileAds
com.google.android.gms.ads.internal.client.zzdw
com.google.android.gms.ads.internal.client.zzx
com.google.android.gms.ads.internal.client.zzdx
com.google.ads.mediation.admob.AdMobAdapter
com.google.android.gms.ads.nonagon.signalgeneration.zzan
com.google.android.gms.ads.internal.client.zzds
com.google.android.gms.ads.internal.overlay.zzb
com.google.android.gms.ads.internal.client.zzec
com.google.android.gms.ads.AdapterResponseInfo
androidx.work.impl.WorkDatabase_Impl
com.google.android.gms.ads.internal.zzj
com.google.android.material.floatingactionbutton.FloatingActionButton$BaseBehavior
com.google.android.gms.ads.formats.ShouldDelayBannerRenderingListener
com.google.android.gms.ads.internal.client.zzef
androidx.profileinstaller.ProfileInstallReceiver
com.google.android.gms.ads.internal.util.zzau
com.google.android.material.appbar.MaterialToolbar
com.google.android.gms.ads.impl.R$id
com.google.android.gms.ads.R$id
com.google.android.gms.ads.nonagon.signalgeneration.zzac
com.google.android.gms.ads.mediation.MediationInterstitialAdapter
com.google.android.gms.common.api.Status
com.google.android.gms.ads.LoadAdError
com.google.android.gms.ads.internal.client.zzdi
com.google.android.gms.ads.nonagon.signalgeneration.zzam
com.google.android.gms.ads.internal.client.zzcx
com.google.android.gms.ads.nativead.NativeAdOptions$AdChoicesPlacement
com.google.android.gms.ads.nonagon.signalgeneration.zzj
com.google.android.gms.ads.nonagon.signalgeneration.zzai
com.google.android.material.button.MaterialButton
com.google.android.gms.ads.formats.NativeAd
com.google.android.material.internal.NavigationMenuView
com.google.android.gms.ads.mediation.zza
com.google.android.gms.ads.nonagon.signalgeneration.zzaa
com.google.android.gms.ads.internal.client.zzg