app/build/outputs/mapping/release/usage.txt
com.smartcleaner.pro.DaggerSmartCleanerApp_HiltComponents_SingletonC$ActivityCImpl$LazyClassKeyProvider:
    com.smartcleaner.pro.presentation.viewmodel.AppManagerViewModel com_smartcleaner_pro_presentation_viewmodel_AppManagerViewModel2
    com.smartcleaner.pro.presentation.viewmodel.BatteryViewModel com_smartcleaner_pro_presentation_viewmodel_BatteryViewModel2
    com.smartcleaner.pro.presentation.viewmodel.CleanerViewModel com_smartcleaner_pro_presentation_viewmodel_CleanerViewModel2
    com.smartcleaner.pro.presentation.viewmodel.DashboardViewModel com_smartcleaner_pro_presentation_viewmodel_DashboardViewModel2
    com.smartcleaner.pro.presentation.viewmodel.MemoryBoosterViewModel com_smartcleaner_pro_presentation_viewmodel_MemoryBoosterViewModel2
    com.smartcleaner.pro.presentation.viewmodel.SettingsViewModel com_smartcleaner_pro_presentation_viewmodel_SettingsViewModel2
    com.smartcleaner.pro.presentation.viewmodel.ToolsViewModel com_smartcleaner_pro_presentation_viewmodel_ToolsViewModel2
    private void <init>()
com.smartcleaner.pro.DaggerSmartCleanerApp_HiltComponents_SingletonC$ActivityCImpl:
    public dagger.hilt.android.internal.builders.ViewModelComponentBuilder getViewModelComponentBuilder()
    public dagger.hilt.android.internal.builders.ViewComponentBuilder viewComponentBuilder()
com.smartcleaner.pro.DaggerSmartCleanerApp_HiltComponents_SingletonC$FragmentCImpl:
    public dagger.hilt.android.internal.builders.ViewWithFragmentComponentBuilder viewWithFragmentComponentBuilder()
com.smartcleaner.pro.DaggerSmartCleanerApp_HiltComponents_SingletonC$ServiceCBuilder
com.smartcleaner.pro.DaggerSmartCleanerApp_HiltComponents_SingletonC$ServiceCImpl
com.smartcleaner.pro.DaggerSmartCleanerApp_HiltComponents_SingletonC$SingletonCImpl:
    public dagger.hilt.android.internal.builders.ServiceComponentBuilder serviceComponentBuilder()
com.smartcleaner.pro.DaggerSmartCleanerApp_HiltComponents_SingletonC$ViewCBuilder
com.smartcleaner.pro.DaggerSmartCleanerApp_HiltComponents_SingletonC$ViewCImpl
com.smartcleaner.pro.DaggerSmartCleanerApp_HiltComponents_SingletonC$ViewModelCImpl$LazyClassKeyProvider:
    com.smartcleaner.pro.presentation.viewmodel.AppManagerViewModel com_smartcleaner_pro_presentation_viewmodel_AppManagerViewModel2
    com.smartcleaner.pro.presentation.viewmodel.BatteryViewModel com_smartcleaner_pro_presentation_viewmodel_BatteryViewModel2
    com.smartcleaner.pro.presentation.viewmodel.CleanerViewModel com_smartcleaner_pro_presentation_viewmodel_CleanerViewModel2
    com.smartcleaner.pro.presentation.viewmodel.DashboardViewModel com_smartcleaner_pro_presentation_viewmodel_DashboardViewModel2
    com.smartcleaner.pro.presentation.viewmodel.MemoryBoosterViewModel com_smartcleaner_pro_presentation_viewmodel_MemoryBoosterViewModel2
    com.smartcleaner.pro.presentation.viewmodel.SettingsViewModel com_smartcleaner_pro_presentation_viewmodel_SettingsViewModel2
    com.smartcleaner.pro.presentation.viewmodel.ToolsViewModel com_smartcleaner_pro_presentation_viewmodel_ToolsViewModel2
    private void <init>()
com.smartcleaner.pro.DaggerSmartCleanerApp_HiltComponents_SingletonC$ViewWithFragmentCBuilder
com.smartcleaner.pro.DaggerSmartCleanerApp_HiltComponents_SingletonC$ViewWithFragmentCImpl
com.smartcleaner.pro.DaggerSmartCleanerApp_HiltComponents_SingletonC:
    private void <init>()
com.smartcleaner.pro.Hilt_MainActivity:
    void <init>(int)
    public synthetic bridge dagger.hilt.internal.GeneratedComponentManager componentManager()
com.smartcleaner.pro.Hilt_SmartCleanerApp:
    public synthetic bridge dagger.hilt.internal.GeneratedComponentManager componentManager()
com.smartcleaner.pro.MainActivity:
    public final void setAdManager(com.smartcleaner.pro.data.remote.AdManager)
    public final void setConsentManager(com.smartcleaner.pro.data.remote.ConsentManager)
    public final void setSharedPreferences(android.content.SharedPreferences)
...
com.google.android.gms.common.api.DataBufferResponse
com.google.android.gms.common.api.GoogleApi$Settings$Builder:
    public com.google.android.gms.common.api.GoogleApi$Settings$Builder setLooper(android.os.Looper)
    public com.google.android.gms.common.api.GoogleApi$Settings$Builder setMapper(com.google.android.gms.common.api.internal.StatusExceptionMapper)
com.google.android.gms.common.api.GoogleApi:
    public void <init>(android.app.Activity,com.google.android.gms.common.api.Api,com.google.android.gms.common.api.Api$ApiOptions,com.google.android.gms.common.api.GoogleApi$Settings)
    public void <init>(android.app.Activity,com.google.android.gms.common.api.Api,com.google.android.gms.common.api.Api$ApiOptions,com.google.android.gms.common.api.internal.StatusExceptionMapper)
    public void <init>(android.content.Context,com.google.android.gms.common.api.Api,com.google.android.gms.common.api.Api$ApiOptions,android.os.Looper,com.google.android.gms.common.api.internal.StatusExceptionMapper)
    public void <init>(android.content.Context,com.google.android.gms.common.api.Api,com.google.android.gms.common.api.Api$ApiOptions,com.google.android.gms.common.api.internal.StatusExceptionMapper)
    public com.google.android.gms.common.api.GoogleApiClient asGoogleApiClient()
    protected com.google.android.gms.tasks.Task disconnectService()
    public com.google.android.gms.common.api.internal.BaseImplementation$ApiMethodImpl doBestEffortWrite(com.google.android.gms.common.api.internal.BaseImplementation$ApiMethodImpl)
    public com.google.android.gms.common.api.internal.BaseImplementation$ApiMethodImpl doRead(com.google.android.gms.common.api.internal.BaseImplementation$ApiMethodImpl)
com.google.android.gms.common.api.GoogleApiClient$Builder
com.google.android.gms.common.api.GoogleApiClient$ConnectionCallbacks:
    public static final int CAUSE_NETWORK_LOST
    public static final int CAUSE_SERVICE_DISCONNECTED
com.google.android.gms.common.api.GoogleApiClient:
    public static final java.lang.String DEFAULT_ACCOUNT
    public static final int SIGN_IN_MODE_OPTIONAL
    public static final int SIGN_IN_MODE_REQUIRED
    public abstract com.google.android.gms.common.ConnectionResult blockingConnect()
    public abstract com.google.android.gms.common.ConnectionResult blockingConnect(long,java.util.concurrent.TimeUnit)
    public abstract com.google.android.gms.common.api.PendingResult clearDefaultAccountAndReconnect()
    public abstract void connect()
    public void connect(int)
    public abstract void disconnect()
    public abstract void dump(java.lang.String,java.io.FileDescriptor,java.io.PrintWriter,java.lang.String[])
    public static void dumpAll(java.lang.String,java.io.FileDescriptor,java.io.PrintWriter,java.lang.String[])
    public com.google.android.gms.common.api.internal.BaseImplementation$ApiMethodImpl enqueue(com.google.android.gms.common.api.internal.BaseImplementation$ApiMethodImpl)
    public com.google.android.gms.common.api.internal.BaseImplementation$ApiMethodImpl execute(com.google.android.gms.common.api.internal.BaseImplementation$ApiMethodImpl)
    public static java.util.Set getAllClients()
    public com.google.android.gms.common.api.Api$Client getClient(com.google.android.gms.common.api.Api$AnyClientKey)
    public abstract com.google.android.gms.common.ConnectionResult getConnectionResult(com.google.android.gms.common.api.Api)
com.google.android.gms.common.api.HasApiKey
com.google.android.gms.common.api.OptionalPendingResult
com.google.android.gms.common.api.PendingResult$StatusListener